[2024-12-16T16:44:06.768+0330][0.081s][info][gc] Using G1
[2024-12-16T16:44:06.775+0330][0.088s][info][gc,init] Version: 17.0.2+8-LTS-86 (release)
[2024-12-16T16:44:06.775+0330][0.088s][info][gc,init] CPUs: 4 total, 4 available
[2024-12-16T16:44:06.775+0330][0.088s][info][gc,init] Memory: 12177M
[2024-12-16T16:44:06.775+0330][0.088s][info][gc,init] Large Page Support: Disabled
[2024-12-16T16:44:06.775+0330][0.088s][info][gc,init] NUMA Support: Disabled
[2024-12-16T16:44:06.775+0330][0.088s][info][gc,init] Compressed Oops: Enabled (Zero based)
[2024-12-16T16:44:06.775+0330][0.088s][info][gc,init] Heap Region Size: 2M
[2024-12-16T16:44:06.775+0330][0.088s][info][gc,init] Heap Min Capacity: 8M
[2024-12-16T16:44:06.775+0330][0.088s][info][gc,init] Heap Initial Capacity: 192M
[2024-12-16T16:44:06.776+0330][0.089s][info][gc,init] Heap Max Capacity: 3046M
[2024-12-16T16:44:06.776+0330][0.089s][info][gc,init] Pre-touch: Disabled
[2024-12-16T16:44:06.776+0330][0.089s][info][gc,init] Parallel Workers: 4
[2024-12-16T16:44:06.776+0330][0.089s][info][gc,init] Concurrent Workers: 1
[2024-12-16T16:44:06.776+0330][0.089s][info][gc,init] Concurrent Refinement Workers: 4
[2024-12-16T16:44:06.776+0330][0.089s][info][gc,init] Periodic GC: Disabled
[2024-12-16T16:44:06.779+0330][0.092s][info][gc,metaspace] CDS archive(s) mapped at: [0x0000000800000000-0x0000000800bc0000-0x0000000800bc0000), size 12320768, SharedBaseAddress: 0x0000000800000000, ArchiveRelocationMode: 0.
[2024-12-16T16:44:06.779+0330][0.092s][info][gc,metaspace] Compressed class space mapped at: 0x0000000800c00000-0x0000000840c00000, reserved size: 1073741824
[2024-12-16T16:44:06.779+0330][0.092s][info][gc,metaspace] Narrow klass base: 0x0000000800000000, Narrow klass shift: 0, Narrow klass range: 0x100000000
[2024-12-16T16:44:12.469+0330][5.782s][info][gc,start    ] GC(0) Pause Young (Normal) (G1 Evacuation Pause)
[2024-12-16T16:44:12.469+0330][5.782s][info][gc,task     ] GC(0) Using 4 workers of 4 for evacuation
[2024-12-16T16:44:12.484+0330][5.797s][info][gc,phases   ] GC(0)   Pre Evacuate Collection Set: 0.1ms
[2024-12-16T16:44:12.484+0330][5.797s][info][gc,phases   ] GC(0)   Merge Heap Roots: 0.1ms
[2024-12-16T16:44:12.484+0330][5.797s][info][gc,phases   ] GC(0)   Evacuate Collection Set: 13.9ms
[2024-12-16T16:44:12.484+0330][5.797s][info][gc,phases   ] GC(0)   Post Evacuate Collection Set: 0.6ms
[2024-12-16T16:44:12.484+0330][5.797s][info][gc,phases   ] GC(0)   Other: 0.6ms
[2024-12-16T16:44:12.485+0330][5.798s][info][gc,heap     ] GC(0) Eden regions: 6->0(4)
[2024-12-16T16:44:12.485+0330][5.798s][info][gc,heap     ] GC(0) Survivor regions: 0->1(1)
[2024-12-16T16:44:12.485+0330][5.798s][info][gc,heap     ] GC(0) Old regions: 0->2
[2024-12-16T16:44:12.485+0330][5.798s][info][gc,heap     ] GC(0) Archive regions: 0->0
[2024-12-16T16:44:12.485+0330][5.798s][info][gc,heap     ] GC(0) Humongous regions: 0->0
[2024-12-16T16:44:12.485+0330][5.798s][info][gc,metaspace] GC(0) Metaspace: 3993K(4160K)->3993K(4160K) NonClass: 3623K(3712K)->3623K(3712K) Class: 370K(448K)->370K(448K)
[2024-12-16T16:44:12.485+0330][5.798s][info][gc          ] GC(0) Pause Young (Normal) (G1 Evacuation Pause) 12M->5M(192M) 16.137ms
[2024-12-16T16:44:12.485+0330][5.798s][info][gc,cpu      ] GC(0) User=0.00s Sys=0.02s Real=0.02s
[2024-12-16T16:44:13.434+0330][6.747s][info][gc,start    ] GC(1) Pause Young (Normal) (G1 Evacuation Pause)
[2024-12-16T16:44:13.434+0330][6.747s][info][gc,task     ] GC(1) Using 4 workers of 4 for evacuation
[2024-12-16T16:44:13.438+0330][6.752s][info][gc,phases   ] GC(1)   Pre Evacuate Collection Set: 0.1ms
[2024-12-16T16:44:13.439+0330][6.752s][info][gc,phases   ] GC(1)   Merge Heap Roots: 0.1ms
[2024-12-16T16:44:13.439+0330][6.752s][info][gc,phases   ] GC(1)   Evacuate Collection Set: 3.8ms
[2024-12-16T16:44:13.439+0330][6.752s][info][gc,phases   ] GC(1)   Post Evacuate Collection Set: 0.5ms
[2024-12-16T16:44:13.439+0330][6.752s][info][gc,phases   ] GC(1)   Other: 0.3ms
[2024-12-16T16:44:13.439+0330][6.752s][info][gc,heap     ] GC(1) Eden regions: 4->0(13)
[2024-12-16T16:44:13.439+0330][6.752s][info][gc,heap     ] GC(1) Survivor regions: 1->1(1)
[2024-12-16T16:44:13.439+0330][6.752s][info][gc,heap     ] GC(1) Old regions: 2->3
[2024-12-16T16:44:13.439+0330][6.753s][info][gc,heap     ] GC(1) Archive regions: 0->0
[2024-12-16T16:44:13.440+0330][6.753s][info][gc,heap     ] GC(1) Humongous regions: 0->0
[2024-12-16T16:44:13.440+0330][6.753s][info][gc,metaspace] GC(1) Metaspace: 8583K(8768K)->8583K(8768K) NonClass: 7669K(7808K)->7669K(7808K) Class: 913K(960K)->913K(960K)
[2024-12-16T16:44:13.440+0330][6.753s][info][gc          ] GC(1) Pause Young (Normal) (G1 Evacuation Pause) 13M->6M(192M) 6.018ms
[2024-12-16T16:44:13.440+0330][6.753s][info][gc,cpu      ] GC(1) User=0.03s Sys=0.00s Real=0.01s
[2024-12-16T16:44:14.583+0330][7.896s][info][gc,start    ] GC(2) Pause Young (Normal) (G1 Evacuation Pause)
[2024-12-16T16:44:14.583+0330][7.896s][info][gc,task     ] GC(2) Using 4 workers of 4 for evacuation
[2024-12-16T16:44:14.589+0330][7.902s][info][gc,phases   ] GC(2)   Pre Evacuate Collection Set: 0.1ms
[2024-12-16T16:44:14.589+0330][7.902s][info][gc,phases   ] GC(2)   Merge Heap Roots: 0.1ms
[2024-12-16T16:44:14.589+0330][7.902s][info][gc,phases   ] GC(2)   Evacuate Collection Set: 4.6ms
[2024-12-16T16:44:14.589+0330][7.902s][info][gc,phases   ] GC(2)   Post Evacuate Collection Set: 0.5ms
[2024-12-16T16:44:14.589+0330][7.902s][info][gc,phases   ] GC(2)   Other: 0.2ms
[2024-12-16T16:44:14.589+0330][7.902s][info][gc,heap     ] GC(2) Eden regions: 13->0(55)
[2024-12-16T16:44:14.589+0330][7.902s][info][gc,heap     ] GC(2) Survivor regions: 1->2(2)
[2024-12-16T16:44:14.589+0330][7.902s][info][gc,heap     ] GC(2) Old regions: 3->3
[2024-12-16T16:44:14.589+0330][7.902s][info][gc,heap     ] GC(2) Archive regions: 0->0
[2024-12-16T16:44:14.589+0330][7.902s][info][gc,heap     ] GC(2) Humongous regions: 0->0
[2024-12-16T16:44:14.589+0330][7.902s][info][gc,metaspace] GC(2) Metaspace: 14037K(14336K)->14037K(14336K) NonClass: 12393K(12544K)->12393K(12544K) Class: 1644K(1792K)->1644K(1792K)
[2024-12-16T16:44:14.589+0330][7.902s][info][gc          ] GC(2) Pause Young (Normal) (G1 Evacuation Pause) 32M->8M(192M) 6.332ms
[2024-12-16T16:44:14.590+0330][7.903s][info][gc,cpu      ] GC(2) User=0.02s Sys=0.00s Real=0.01s
[2024-12-16T16:44:15.447+0330][8.760s][info][gc,start    ] GC(3) Pause Young (Concurrent Start) (Metadata GC Threshold)
[2024-12-16T16:44:15.447+0330][8.760s][info][gc,task     ] GC(3) Using 4 workers of 4 for evacuation
[2024-12-16T16:44:15.457+0330][8.770s][info][gc,phases   ] GC(3)   Pre Evacuate Collection Set: 0.1ms
[2024-12-16T16:44:15.457+0330][8.770s][info][gc,phases   ] GC(3)   Merge Heap Roots: 0.1ms
[2024-12-16T16:44:15.457+0330][8.770s][info][gc,phases   ] GC(3)   Evacuate Collection Set: 8.4ms
[2024-12-16T16:44:15.457+0330][8.770s][info][gc,phases   ] GC(3)   Post Evacuate Collection Set: 0.7ms
[2024-12-16T16:44:15.457+0330][8.770s][info][gc,phases   ] GC(3)   Other: 0.4ms
[2024-12-16T16:44:15.457+0330][8.770s][info][gc,heap     ] GC(3) Eden regions: 18->0(54)
[2024-12-16T16:44:15.457+0330][8.770s][info][gc,heap     ] GC(3) Survivor regions: 2->3(8)
[2024-12-16T16:44:15.457+0330][8.770s][info][gc,heap     ] GC(3) Old regions: 3->3
[2024-12-16T16:44:15.457+0330][8.770s][info][gc,heap     ] GC(3) Archive regions: 0->0
[2024-12-16T16:44:15.457+0330][8.770s][info][gc,heap     ] GC(3) Humongous regions: 0->0
[2024-12-16T16:44:15.458+0330][8.771s][info][gc,metaspace] GC(3) Metaspace: 21255K(21504K)->21255K(21504K) NonClass: 18657K(18752K)->18657K(18752K) Class: 2598K(2752K)->2598K(2752K)
[2024-12-16T16:44:15.458+0330][8.771s][info][gc          ] GC(3) Pause Young (Concurrent Start) (Metadata GC Threshold) 44M->10M(192M) 10.354ms
[2024-12-16T16:44:15.458+0330][8.771s][info][gc,cpu      ] GC(3) User=0.00s Sys=0.00s Real=0.01s
[2024-12-16T16:44:15.458+0330][8.771s][info][gc          ] GC(4) Concurrent Mark Cycle
[2024-12-16T16:44:15.458+0330][8.771s][info][gc,marking  ] GC(4) Concurrent Clear Claimed Marks
[2024-12-16T16:44:15.458+0330][8.771s][info][gc,marking  ] GC(4) Concurrent Clear Claimed Marks 0.085ms
[2024-12-16T16:44:15.458+0330][8.771s][info][gc,marking  ] GC(4) Concurrent Scan Root Regions
[2024-12-16T16:44:15.465+0330][8.778s][info][gc,marking  ] GC(4) Concurrent Scan Root Regions 6.425ms
[2024-12-16T16:44:15.465+0330][8.778s][info][gc,marking  ] GC(4) Concurrent Mark
[2024-12-16T16:44:15.465+0330][8.778s][info][gc,marking  ] GC(4) Concurrent Mark From Roots
[2024-12-16T16:44:15.465+0330][8.778s][info][gc,task     ] GC(4) Using 1 workers of 1 for marking
[2024-12-16T16:44:15.472+0330][8.785s][info][gc,marking  ] GC(4) Concurrent Mark From Roots 7.440ms
[2024-12-16T16:44:15.472+0330][8.785s][info][gc,marking  ] GC(4) Concurrent Preclean
[2024-12-16T16:44:15.473+0330][8.786s][info][gc,marking  ] GC(4) Concurrent Preclean 0.533ms
[2024-12-16T16:44:15.473+0330][8.786s][info][gc,start    ] GC(4) Pause Remark
[2024-12-16T16:44:15.476+0330][8.789s][info][gc          ] GC(4) Pause Remark 12M->12M(54M) 2.856ms
[2024-12-16T16:44:15.476+0330][8.789s][info][gc,cpu      ] GC(4) User=0.03s Sys=0.00s Real=0.00s
[2024-12-16T16:44:15.476+0330][8.790s][info][gc,marking  ] GC(4) Concurrent Mark 11.847ms
[2024-12-16T16:44:15.477+0330][8.790s][info][gc,marking  ] GC(4) Concurrent Rebuild Remembered Sets
[2024-12-16T16:44:15.477+0330][8.790s][info][gc,marking  ] GC(4) Concurrent Rebuild Remembered Sets 0.061ms
[2024-12-16T16:44:15.481+0330][8.795s][info][gc,start    ] GC(4) Pause Cleanup
[2024-12-16T16:44:15.482+0330][8.795s][info][gc          ] GC(4) Pause Cleanup 12M->12M(54M) 0.095ms
[2024-12-16T16:44:15.482+0330][8.795s][info][gc,cpu      ] GC(4) User=0.00s Sys=0.00s Real=0.00s
[2024-12-16T16:44:15.482+0330][8.795s][info][gc,marking  ] GC(4) Concurrent Cleanup for Next Mark
[2024-12-16T16:44:15.484+0330][8.797s][info][gc,marking  ] GC(4) Concurrent Cleanup for Next Mark 1.806ms
[2024-12-16T16:44:15.484+0330][8.797s][info][gc          ] GC(4) Concurrent Mark Cycle 25.924ms
[2024-12-16T16:44:16.312+0330][9.625s][info][gc,start    ] GC(5) Pause Young (Normal) (G1 Preventive Collection)
[2024-12-16T16:44:16.312+0330][9.625s][info][gc,task     ] GC(5) Using 4 workers of 4 for evacuation
[2024-12-16T16:44:16.325+0330][9.638s][info][gc,phases   ] GC(5)   Pre Evacuate Collection Set: 0.1ms
[2024-12-16T16:44:16.325+0330][9.638s][info][gc,phases   ] GC(5)   Merge Heap Roots: 0.1ms
[2024-12-16T16:44:16.325+0330][9.638s][info][gc,phases   ] GC(5)   Evacuate Collection Set: 11.3ms
[2024-12-16T16:44:16.325+0330][9.638s][info][gc,phases   ] GC(5)   Post Evacuate Collection Set: 0.8ms
[2024-12-16T16:44:16.325+0330][9.638s][info][gc,phases   ] GC(5)   Other: 0.3ms
[2024-12-16T16:44:16.325+0330][9.638s][info][gc,heap     ] GC(5) Eden regions: 16->0(12)
[2024-12-16T16:44:16.325+0330][9.638s][info][gc,heap     ] GC(5) Survivor regions: 3->4(8)
[2024-12-16T16:44:16.325+0330][9.638s][info][gc,heap     ] GC(5) Old regions: 3->3
[2024-12-16T16:44:16.325+0330][9.638s][info][gc,heap     ] GC(5) Archive regions: 0->0
[2024-12-16T16:44:16.325+0330][9.638s][info][gc,heap     ] GC(5) Humongous regions: 0->0
[2024-12-16T16:44:16.325+0330][9.638s][info][gc,metaspace] GC(5) Metaspace: 25245K(25536K)->25245K(25536K) NonClass: 22075K(22208K)->22075K(22208K) Class: 3170K(3328K)->3170K(3328K)
[2024-12-16T16:44:16.325+0330][9.638s][info][gc          ] GC(5) Pause Young (Normal) (G1 Preventive Collection) 42M->13M(54M) 13.241ms
[2024-12-16T16:44:16.325+0330][9.639s][info][gc,cpu      ] GC(5) User=0.05s Sys=0.00s Real=0.01s
[2024-12-16T16:44:17.136+0330][10.449s][info][gc,start    ] GC(6) Pause Young (Normal) (G1 Evacuation Pause)
[2024-12-16T16:44:17.136+0330][10.449s][info][gc,task     ] GC(6) Using 4 workers of 4 for evacuation
[2024-12-16T16:44:17.147+0330][10.460s][info][gc,phases   ] GC(6)   Pre Evacuate Collection Set: 0.1ms
[2024-12-16T16:44:17.147+0330][10.460s][info][gc,phases   ] GC(6)   Merge Heap Roots: 0.1ms
[2024-12-16T16:44:17.147+0330][10.461s][info][gc,phases   ] GC(6)   Evacuate Collection Set: 10.7ms
[2024-12-16T16:44:17.148+0330][10.461s][info][gc,phases   ] GC(6)   Post Evacuate Collection Set: 0.6ms
[2024-12-16T16:44:17.148+0330][10.461s][info][gc,phases   ] GC(6)   Other: 0.2ms
[2024-12-16T16:44:17.148+0330][10.461s][info][gc,heap     ] GC(6) Eden regions: 12->0(11)
[2024-12-16T16:44:17.148+0330][10.461s][info][gc,heap     ] GC(6) Survivor regions: 4->1(2)
[2024-12-16T16:44:17.148+0330][10.461s][info][gc,heap     ] GC(6) Old regions: 3->7
[2024-12-16T16:44:17.148+0330][10.461s][info][gc,heap     ] GC(6) Archive regions: 0->0
[2024-12-16T16:44:17.148+0330][10.461s][info][gc,heap     ] GC(6) Humongous regions: 0->0
[2024-12-16T16:44:17.148+0330][10.461s][info][gc,metaspace] GC(6) Metaspace: 27368K(27712K)->27368K(27712K) NonClass: 23888K(24064K)->23888K(24064K) Class: 3480K(3648K)->3480K(3648K)
[2024-12-16T16:44:17.148+0330][10.461s][info][gc          ] GC(6) Pause Young (Normal) (G1 Evacuation Pause) 37M->14M(54M) 12.456ms
[2024-12-16T16:44:17.148+0330][10.461s][info][gc,cpu      ] GC(6) User=0.05s Sys=0.02s Real=0.01s
[2024-12-16T16:44:18.008+0330][11.321s][info][gc,start    ] GC(7) Pause Young (Normal) (G1 Evacuation Pause)
[2024-12-16T16:44:18.008+0330][11.321s][info][gc,task     ] GC(7) Using 4 workers of 4 for evacuation
[2024-12-16T16:44:18.013+0330][11.326s][info][gc,phases   ] GC(7)   Pre Evacuate Collection Set: 0.1ms
[2024-12-16T16:44:18.014+0330][11.327s][info][gc,phases   ] GC(7)   Merge Heap Roots: 0.1ms
[2024-12-16T16:44:18.014+0330][11.327s][info][gc,phases   ] GC(7)   Evacuate Collection Set: 4.3ms
[2024-12-16T16:44:18.014+0330][11.327s][info][gc,phases   ] GC(7)   Post Evacuate Collection Set: 0.5ms
[2024-12-16T16:44:18.014+0330][11.327s][info][gc,phases   ] GC(7)   Other: 0.2ms
[2024-12-16T16:44:18.014+0330][11.327s][info][gc,heap     ] GC(7) Eden regions: 11->0(11)
[2024-12-16T16:44:18.014+0330][11.327s][info][gc,heap     ] GC(7) Survivor regions: 1->2(2)
[2024-12-16T16:44:18.014+0330][11.327s][info][gc,heap     ] GC(7) Old regions: 7->7
[2024-12-16T16:44:18.014+0330][11.327s][info][gc,heap     ] GC(7) Archive regions: 0->0
[2024-12-16T16:44:18.014+0330][11.327s][info][gc,heap     ] GC(7) Humongous regions: 0->0
[2024-12-16T16:44:18.014+0330][11.327s][info][gc,metaspace] GC(7) Metaspace: 30227K(30656K)->30227K(30656K) NonClass: 26272K(26496K)->26272K(26496K) Class: 3954K(4160K)->3954K(4160K)
[2024-12-16T16:44:18.014+0330][11.327s][info][gc          ] GC(7) Pause Young (Normal) (G1 Evacuation Pause) 36M->15M(54M) 5.886ms
[2024-12-16T16:44:18.014+0330][11.327s][info][gc,cpu      ] GC(7) User=0.00s Sys=0.00s Real=0.01s
[2024-12-16T16:44:18.671+0330][11.984s][info][gc,start    ] GC(8) Pause Young (Normal) (G1 Evacuation Pause)
[2024-12-16T16:44:18.671+0330][11.984s][info][gc,task     ] GC(8) Using 4 workers of 4 for evacuation
[2024-12-16T16:44:18.678+0330][11.991s][info][gc,phases   ] GC(8)   Pre Evacuate Collection Set: 0.1ms
[2024-12-16T16:44:18.678+0330][11.991s][info][gc,phases   ] GC(8)   Merge Heap Roots: 0.1ms
[2024-12-16T16:44:18.678+0330][11.991s][info][gc,phases   ] GC(8)   Evacuate Collection Set: 6.0ms
[2024-12-16T16:44:18.678+0330][11.991s][info][gc,phases   ] GC(8)   Post Evacuate Collection Set: 0.7ms
[2024-12-16T16:44:18.678+0330][11.991s][info][gc,phases   ] GC(8)   Other: 0.2ms
[2024-12-16T16:44:18.678+0330][11.991s][info][gc,heap     ] GC(8) Eden regions: 11->0(11)
[2024-12-16T16:44:18.678+0330][11.991s][info][gc,heap     ] GC(8) Survivor regions: 2->2(2)
[2024-12-16T16:44:18.678+0330][11.991s][info][gc,heap     ] GC(8) Old regions: 7->7
[2024-12-16T16:44:18.678+0330][11.991s][info][gc,heap     ] GC(8) Archive regions: 0->0
[2024-12-16T16:44:18.678+0330][11.991s][info][gc,heap     ] GC(8) Humongous regions: 0->0
[2024-12-16T16:44:18.678+0330][11.991s][info][gc,metaspace] GC(8) Metaspace: 33221K(33664K)->33221K(33664K) NonClass: 28885K(29120K)->28885K(29120K) Class: 4336K(4544K)->4336K(4544K)
[2024-12-16T16:44:18.678+0330][11.991s][info][gc          ] GC(8) Pause Young (Normal) (G1 Evacuation Pause) 37M->17M(54M) 7.744ms
[2024-12-16T16:44:18.678+0330][11.991s][info][gc,cpu      ] GC(8) User=0.02s Sys=0.00s Real=0.01s
[2024-12-16T16:44:19.212+0330][12.525s][info][gc,start    ] GC(9) Pause Young (Concurrent Start) (Metadata GC Threshold)
[2024-12-16T16:44:19.212+0330][12.525s][info][gc,task     ] GC(9) Using 4 workers of 4 for evacuation
[2024-12-16T16:44:19.220+0330][12.533s][info][gc,phases   ] GC(9)   Pre Evacuate Collection Set: 0.1ms
[2024-12-16T16:44:19.220+0330][12.533s][info][gc,phases   ] GC(9)   Merge Heap Roots: 0.1ms
[2024-12-16T16:44:19.220+0330][12.533s][info][gc,phases   ] GC(9)   Evacuate Collection Set: 7.0ms
[2024-12-16T16:44:19.220+0330][12.533s][info][gc,phases   ] GC(9)   Post Evacuate Collection Set: 0.6ms
[2024-12-16T16:44:19.220+0330][12.533s][info][gc,phases   ] GC(9)   Other: 0.3ms
[2024-12-16T16:44:19.220+0330][12.533s][info][gc,heap     ] GC(9) Eden regions: 9->0(11)
[2024-12-16T16:44:19.220+0330][12.533s][info][gc,heap     ] GC(9) Survivor regions: 2->2(2)
[2024-12-16T16:44:19.220+0330][12.533s][info][gc,heap     ] GC(9) Old regions: 7->8
[2024-12-16T16:44:19.220+0330][12.533s][info][gc,heap     ] GC(9) Archive regions: 0->0
[2024-12-16T16:44:19.220+0330][12.533s][info][gc,heap     ] GC(9) Humongous regions: 0->0
[2024-12-16T16:44:19.220+0330][12.533s][info][gc,metaspace] GC(9) Metaspace: 35844K(36288K)->35844K(36288K) NonClass: 31138K(31360K)->31138K(31360K) Class: 4705K(4928K)->4705K(4928K)
[2024-12-16T16:44:19.220+0330][12.533s][info][gc          ] GC(9) Pause Young (Concurrent Start) (Metadata GC Threshold) 35M->18M(54M) 8.637ms
[2024-12-16T16:44:19.220+0330][12.533s][info][gc,cpu      ] GC(9) User=0.00s Sys=0.00s Real=0.01s
[2024-12-16T16:44:19.220+0330][12.533s][info][gc          ] GC(10) Concurrent Mark Cycle
[2024-12-16T16:44:19.221+0330][12.534s][info][gc,marking  ] GC(10) Concurrent Clear Claimed Marks
[2024-12-16T16:44:19.221+0330][12.534s][info][gc,marking  ] GC(10) Concurrent Clear Claimed Marks 0.087ms
[2024-12-16T16:44:19.221+0330][12.534s][info][gc,marking  ] GC(10) Concurrent Scan Root Regions
[2024-12-16T16:44:19.228+0330][12.541s][info][gc,marking  ] GC(10) Concurrent Scan Root Regions 7.038ms
[2024-12-16T16:44:19.228+0330][12.541s][info][gc,marking  ] GC(10) Concurrent Mark
[2024-12-16T16:44:19.228+0330][12.541s][info][gc,marking  ] GC(10) Concurrent Mark From Roots
[2024-12-16T16:44:19.228+0330][12.541s][info][gc,task     ] GC(10) Using 1 workers of 1 for marking
[2024-12-16T16:44:19.268+0330][12.581s][info][gc,marking  ] GC(10) Concurrent Mark From Roots 39.830ms
[2024-12-16T16:44:19.268+0330][12.581s][info][gc,marking  ] GC(10) Concurrent Preclean
[2024-12-16T16:44:19.268+0330][12.581s][info][gc,marking  ] GC(10) Concurrent Preclean 0.593ms
[2024-12-16T16:44:19.268+0330][12.582s][info][gc,start    ] GC(10) Pause Remark
[2024-12-16T16:44:19.273+0330][12.586s][info][gc          ] GC(10) Pause Remark 19M->19M(54M) 4.205ms
[2024-12-16T16:44:19.273+0330][12.586s][info][gc,cpu      ] GC(10) User=0.02s Sys=0.00s Real=0.01s
[2024-12-16T16:44:19.273+0330][12.586s][info][gc,marking  ] GC(10) Concurrent Mark 45.113ms
[2024-12-16T16:44:19.273+0330][12.586s][info][gc,marking  ] GC(10) Concurrent Rebuild Remembered Sets
[2024-12-16T16:44:19.290+0330][12.603s][info][gc,marking  ] GC(10) Concurrent Rebuild Remembered Sets 16.836ms
[2024-12-16T16:44:19.290+0330][12.603s][info][gc,start    ] GC(10) Pause Cleanup
[2024-12-16T16:44:19.290+0330][12.603s][info][gc          ] GC(10) Pause Cleanup 20M->20M(54M) 0.150ms
[2024-12-16T16:44:19.290+0330][12.603s][info][gc,cpu      ] GC(10) User=0.00s Sys=0.00s Real=0.00s
[2024-12-16T16:44:19.290+0330][12.603s][info][gc,marking  ] GC(10) Concurrent Cleanup for Next Mark
[2024-12-16T16:44:19.292+0330][12.605s][info][gc,marking  ] GC(10) Concurrent Cleanup for Next Mark 1.675ms
[2024-12-16T16:44:19.292+0330][12.605s][info][gc          ] GC(10) Concurrent Mark Cycle 71.708ms
[2024-12-16T16:44:19.981+0330][13.294s][info][gc,start    ] GC(11) Pause Young (Normal) (G1 Evacuation Pause)
[2024-12-16T16:44:19.981+0330][13.294s][info][gc,task     ] GC(11) Using 4 workers of 4 for evacuation
[2024-12-16T16:44:19.986+0330][13.299s][info][gc,phases   ] GC(11)   Pre Evacuate Collection Set: 0.1ms
[2024-12-16T16:44:19.986+0330][13.299s][info][gc,phases   ] GC(11)   Merge Heap Roots: 0.1ms
[2024-12-16T16:44:19.986+0330][13.299s][info][gc,phases   ] GC(11)   Evacuate Collection Set: 4.5ms
[2024-12-16T16:44:19.986+0330][13.299s][info][gc,phases   ] GC(11)   Post Evacuate Collection Set: 0.6ms
[2024-12-16T16:44:19.986+0330][13.300s][info][gc,phases   ] GC(11)   Other: 0.3ms
[2024-12-16T16:44:19.987+0330][13.300s][info][gc,heap     ] GC(11) Eden regions: 11->0(11)
[2024-12-16T16:44:19.987+0330][13.300s][info][gc,heap     ] GC(11) Survivor regions: 2->1(2)
[2024-12-16T16:44:19.987+0330][13.300s][info][gc,heap     ] GC(11) Old regions: 8->9
[2024-12-16T16:44:19.987+0330][13.300s][info][gc,heap     ] GC(11) Archive regions: 0->0
[2024-12-16T16:44:19.987+0330][13.300s][info][gc,heap     ] GC(11) Humongous regions: 0->0
[2024-12-16T16:44:19.987+0330][13.300s][info][gc,metaspace] GC(11) Metaspace: 40267K(40768K)->40267K(40768K) NonClass: 34808K(35072K)->34808K(35072K) Class: 5459K(5696K)->5459K(5696K)
[2024-12-16T16:44:19.987+0330][13.300s][info][gc          ] GC(11) Pause Young (Normal) (G1 Evacuation Pause) 40M->19M(54M) 6.238ms
[2024-12-16T16:44:19.987+0330][13.300s][info][gc,cpu      ] GC(11) User=0.00s Sys=0.00s Real=0.01s
[2024-12-16T16:44:21.051+0330][14.364s][info][gc,start    ] GC(12) Pause Young (Normal) (G1 Evacuation Pause)
[2024-12-16T16:44:21.051+0330][14.364s][info][gc,task     ] GC(12) Using 4 workers of 4 for evacuation
[2024-12-16T16:44:21.057+0330][14.370s][info][gc,phases   ] GC(12)   Pre Evacuate Collection Set: 0.1ms
[2024-12-16T16:44:21.057+0330][14.370s][info][gc,phases   ] GC(12)   Merge Heap Roots: 0.1ms
[2024-12-16T16:44:21.057+0330][14.370s][info][gc,phases   ] GC(12)   Evacuate Collection Set: 4.5ms
[2024-12-16T16:44:21.057+0330][14.370s][info][gc,phases   ] GC(12)   Post Evacuate Collection Set: 0.7ms
[2024-12-16T16:44:21.057+0330][14.370s][info][gc,phases   ] GC(12)   Other: 0.3ms
[2024-12-16T16:44:21.057+0330][14.370s][info][gc,heap     ] GC(12) Eden regions: 11->0(10)
[2024-12-16T16:44:21.057+0330][14.370s][info][gc,heap     ] GC(12) Survivor regions: 1->2(2)
[2024-12-16T16:44:21.057+0330][14.370s][info][gc,heap     ] GC(12) Old regions: 9->9
[2024-12-16T16:44:21.057+0330][14.370s][info][gc,heap     ] GC(12) Archive regions: 0->0
[2024-12-16T16:44:21.057+0330][14.370s][info][gc,heap     ] GC(12) Humongous regions: 0->0
[2024-12-16T16:44:21.057+0330][14.370s][info][gc,metaspace] GC(12) Metaspace: 47749K(48192K)->47749K(48192K) NonClass: 41378K(41664K)->41378K(41664K) Class: 6370K(6528K)->6370K(6528K)
[2024-12-16T16:44:21.057+0330][14.370s][info][gc          ] GC(12) Pause Young (Normal) (G1 Evacuation Pause) 41M->20M(54M) 6.277ms
[2024-12-16T16:44:21.057+0330][14.370s][info][gc,cpu      ] GC(12) User=0.00s Sys=0.02s Real=0.01s
[2024-12-16T16:44:21.647+0330][14.960s][info][gc,start    ] GC(13) Pause Young (Normal) (G1 Evacuation Pause)
[2024-12-16T16:44:21.647+0330][14.960s][info][gc,task     ] GC(13) Using 4 workers of 4 for evacuation
[2024-12-16T16:44:21.653+0330][14.966s][info][gc,phases   ] GC(13)   Pre Evacuate Collection Set: 0.1ms
[2024-12-16T16:44:21.653+0330][14.966s][info][gc,phases   ] GC(13)   Merge Heap Roots: 0.1ms
[2024-12-16T16:44:21.653+0330][14.966s][info][gc,phases   ] GC(13)   Evacuate Collection Set: 5.2ms
[2024-12-16T16:44:21.654+0330][14.967s][info][gc,phases   ] GC(13)   Post Evacuate Collection Set: 0.7ms
[2024-12-16T16:44:21.654+0330][14.967s][info][gc,phases   ] GC(13)   Other: 0.3ms
[2024-12-16T16:44:21.654+0330][14.967s][info][gc,heap     ] GC(13) Eden regions: 10->0(9)
[2024-12-16T16:44:21.654+0330][14.967s][info][gc,heap     ] GC(13) Survivor regions: 2->2(2)
[2024-12-16T16:44:21.654+0330][14.967s][info][gc,heap     ] GC(13) Old regions: 9->10
[2024-12-16T16:44:21.654+0330][14.967s][info][gc,heap     ] GC(13) Archive regions: 0->0
[2024-12-16T16:44:21.654+0330][14.967s][info][gc,heap     ] GC(13) Humongous regions: 0->0
[2024-12-16T16:44:21.654+0330][14.967s][info][gc,metaspace] GC(13) Metaspace: 50762K(51264K)->50762K(51264K) NonClass: 43966K(44224K)->43966K(44224K) Class: 6795K(7040K)->6795K(7040K)
[2024-12-16T16:44:21.654+0330][14.967s][info][gc          ] GC(13) Pause Young (Normal) (G1 Evacuation Pause) 40M->21M(54M) 7.065ms
[2024-12-16T16:44:21.654+0330][14.967s][info][gc,cpu      ] GC(13) User=0.00s Sys=0.00s Real=0.01s
[2024-12-16T16:44:22.138+0330][15.451s][info][gc,start    ] GC(14) Pause Young (Normal) (G1 Evacuation Pause)
[2024-12-16T16:44:22.138+0330][15.452s][info][gc,task     ] GC(14) Using 4 workers of 4 for evacuation
[2024-12-16T16:44:22.145+0330][15.458s][info][gc,phases   ] GC(14)   Pre Evacuate Collection Set: 0.1ms
[2024-12-16T16:44:22.145+0330][15.458s][info][gc,phases   ] GC(14)   Merge Heap Roots: 0.1ms
[2024-12-16T16:44:22.145+0330][15.458s][info][gc,phases   ] GC(14)   Evacuate Collection Set: 4.9ms
[2024-12-16T16:44:22.145+0330][15.458s][info][gc,phases   ] GC(14)   Post Evacuate Collection Set: 0.9ms
[2024-12-16T16:44:22.145+0330][15.458s][info][gc,phases   ] GC(14)   Other: 0.3ms
[2024-12-16T16:44:22.145+0330][15.458s][info][gc,heap     ] GC(14) Eden regions: 9->0(14)
[2024-12-16T16:44:22.145+0330][15.458s][info][gc,heap     ] GC(14) Survivor regions: 2->1(2)
[2024-12-16T16:44:22.145+0330][15.458s][info][gc,heap     ] GC(14) Old regions: 10->11
[2024-12-16T16:44:22.145+0330][15.458s][info][gc,heap     ] GC(14) Archive regions: 0->0
[2024-12-16T16:44:22.145+0330][15.458s][info][gc,heap     ] GC(14) Humongous regions: 0->0
[2024-12-16T16:44:22.145+0330][15.458s][info][gc,metaspace] GC(14) Metaspace: 53385K(53888K)->53385K(53888K) NonClass: 46272K(46528K)->46272K(46528K) Class: 7113K(7360K)->7113K(7360K)
[2024-12-16T16:44:22.145+0330][15.458s][info][gc          ] GC(14) Pause Young (Normal) (G1 Evacuation Pause) 39M->22M(66M) 6.965ms
[2024-12-16T16:44:22.145+0330][15.458s][info][gc,cpu      ] GC(14) User=0.00s Sys=0.02s Real=0.01s
[2024-12-16T16:44:23.193+0330][16.506s][info][gc,start    ] GC(15) Pause Young (Normal) (G1 Evacuation Pause)
[2024-12-16T16:44:23.193+0330][16.506s][info][gc,task     ] GC(15) Using 4 workers of 4 for evacuation
[2024-12-16T16:44:23.197+0330][16.510s][info][gc,phases   ] GC(15)   Pre Evacuate Collection Set: 0.1ms
[2024-12-16T16:44:23.198+0330][16.511s][info][gc,phases   ] GC(15)   Merge Heap Roots: 0.1ms
[2024-12-16T16:44:23.198+0330][16.511s][info][gc,phases   ] GC(15)   Evacuate Collection Set: 3.9ms
[2024-12-16T16:44:23.198+0330][16.511s][info][gc,phases   ] GC(15)   Post Evacuate Collection Set: 0.6ms
[2024-12-16T16:44:23.198+0330][16.511s][info][gc,phases   ] GC(15)   Other: 0.2ms
[2024-12-16T16:44:23.198+0330][16.511s][info][gc,heap     ] GC(15) Eden regions: 14->0(13)
[2024-12-16T16:44:23.198+0330][16.511s][info][gc,heap     ] GC(15) Survivor regions: 1->2(2)
[2024-12-16T16:44:23.198+0330][16.511s][info][gc,heap     ] GC(15) Old regions: 11->11
[2024-12-16T16:44:23.198+0330][16.511s][info][gc,heap     ] GC(15) Archive regions: 0->0
[2024-12-16T16:44:23.198+0330][16.511s][info][gc,heap     ] GC(15) Humongous regions: 0->0
[2024-12-16T16:44:23.198+0330][16.511s][info][gc,metaspace] GC(15) Metaspace: 59542K(60096K)->59542K(60096K) NonClass: 51395K(51648K)->51395K(51648K) Class: 8146K(8448K)->8146K(8448K)
[2024-12-16T16:44:23.198+0330][16.511s][info][gc          ] GC(15) Pause Young (Normal) (G1 Evacuation Pause) 50M->23M(66M) 5.519ms
[2024-12-16T16:44:23.198+0330][16.511s][info][gc,cpu      ] GC(15) User=0.02s Sys=0.00s Real=0.00s
[2024-12-16T16:44:23.405+0330][16.718s][info][gc,start    ] GC(16) Pause Young (Concurrent Start) (Metadata GC Threshold)
[2024-12-16T16:44:23.405+0330][16.718s][info][gc,task     ] GC(16) Using 4 workers of 4 for evacuation
[2024-12-16T16:44:23.410+0330][16.723s][info][gc,phases   ] GC(16)   Pre Evacuate Collection Set: 0.1ms
[2024-12-16T16:44:23.410+0330][16.723s][info][gc,phases   ] GC(16)   Merge Heap Roots: 0.1ms
[2024-12-16T16:44:23.410+0330][16.723s][info][gc,phases   ] GC(16)   Evacuate Collection Set: 3.5ms
[2024-12-16T16:44:23.410+0330][16.723s][info][gc,phases   ] GC(16)   Post Evacuate Collection Set: 0.6ms
[2024-12-16T16:44:23.410+0330][16.723s][info][gc,phases   ] GC(16)   Other: 0.2ms
[2024-12-16T16:44:23.410+0330][16.723s][info][gc,heap     ] GC(16) Eden regions: 4->0(14)
[2024-12-16T16:44:23.410+0330][16.723s][info][gc,heap     ] GC(16) Survivor regions: 2->2(2)
[2024-12-16T16:44:23.410+0330][16.723s][info][gc,heap     ] GC(16) Old regions: 11->11
[2024-12-16T16:44:23.410+0330][16.723s][info][gc,heap     ] GC(16) Archive regions: 0->0
[2024-12-16T16:44:23.410+0330][16.723s][info][gc,heap     ] GC(16) Humongous regions: 0->0
[2024-12-16T16:44:23.410+0330][16.723s][info][gc,metaspace] GC(16) Metaspace: 60457K(61056K)->60457K(61056K) NonClass: 52155K(52480K)->52155K(52480K) Class: 8301K(8576K)->8301K(8576K)
[2024-12-16T16:44:23.410+0330][16.723s][info][gc          ] GC(16) Pause Young (Concurrent Start) (Metadata GC Threshold) 30M->23M(66M) 5.250ms
[2024-12-16T16:44:23.410+0330][16.723s][info][gc,cpu      ] GC(16) User=0.00s Sys=0.00s Real=0.01s
[2024-12-16T16:44:23.411+0330][16.724s][info][gc          ] GC(17) Concurrent Mark Cycle
[2024-12-16T16:44:23.411+0330][16.724s][info][gc,marking  ] GC(17) Concurrent Clear Claimed Marks
[2024-12-16T16:44:23.411+0330][16.724s][info][gc,marking  ] GC(17) Concurrent Clear Claimed Marks 0.093ms
[2024-12-16T16:44:23.411+0330][16.724s][info][gc,marking  ] GC(17) Concurrent Scan Root Regions
[2024-12-16T16:44:23.416+0330][16.729s][info][gc,marking  ] GC(17) Concurrent Scan Root Regions 4.746ms
[2024-12-16T16:44:23.416+0330][16.729s][info][gc,marking  ] GC(17) Concurrent Mark
[2024-12-16T16:44:23.416+0330][16.729s][info][gc,marking  ] GC(17) Concurrent Mark From Roots
[2024-12-16T16:44:23.416+0330][16.729s][info][gc,task     ] GC(17) Using 1 workers of 1 for marking
[2024-12-16T16:44:23.477+0330][16.790s][info][gc,marking  ] GC(17) Concurrent Mark From Roots 61.682ms
[2024-12-16T16:44:23.477+0330][16.790s][info][gc,marking  ] GC(17) Concurrent Preclean
[2024-12-16T16:44:23.478+0330][16.791s][info][gc,marking  ] GC(17) Concurrent Preclean 0.518ms
[2024-12-16T16:44:23.478+0330][16.791s][info][gc,start    ] GC(17) Pause Remark
[2024-12-16T16:44:23.484+0330][16.797s][info][gc          ] GC(17) Pause Remark 25M->25M(66M) 6.089ms
[2024-12-16T16:44:23.485+0330][16.798s][info][gc,cpu      ] GC(17) User=0.00s Sys=0.00s Real=0.01s
[2024-12-16T16:44:23.485+0330][16.798s][info][gc,marking  ] GC(17) Concurrent Mark 69.037ms
[2024-12-16T16:44:23.485+0330][16.798s][info][gc,marking  ] GC(17) Concurrent Rebuild Remembered Sets
[2024-12-16T16:44:23.485+0330][16.798s][info][gc,marking  ] GC(17) Concurrent Rebuild Remembered Sets 0.042ms
[2024-12-16T16:44:23.485+0330][16.798s][info][gc,start    ] GC(17) Pause Cleanup
[2024-12-16T16:44:23.485+0330][16.798s][info][gc          ] GC(17) Pause Cleanup 25M->25M(66M) 0.095ms
[2024-12-16T16:44:23.485+0330][16.798s][info][gc,cpu      ] GC(17) User=0.00s Sys=0.00s Real=0.00s
[2024-12-16T16:44:23.485+0330][16.798s][info][gc,marking  ] GC(17) Concurrent Cleanup for Next Mark
[2024-12-16T16:44:23.486+0330][16.799s][info][gc,marking  ] GC(17) Concurrent Cleanup for Next Mark 0.549ms
[2024-12-16T16:44:23.486+0330][16.799s][info][gc          ] GC(17) Concurrent Mark Cycle 75.288ms
[2024-12-16T16:44:24.574+0330][17.887s][info][gc,start    ] GC(18) Pause Young (Concurrent Start) (G1 Evacuation Pause)
[2024-12-16T16:44:24.574+0330][17.888s][info][gc,task     ] GC(18) Using 4 workers of 4 for evacuation
[2024-12-16T16:44:24.582+0330][17.895s][info][gc,phases   ] GC(18)   Pre Evacuate Collection Set: 0.1ms
[2024-12-16T16:44:24.582+0330][17.895s][info][gc,phases   ] GC(18)   Merge Heap Roots: 0.1ms
[2024-12-16T16:44:24.583+0330][17.896s][info][gc,phases   ] GC(18)   Evacuate Collection Set: 6.6ms
[2024-12-16T16:44:24.583+0330][17.896s][info][gc,phases   ] GC(18)   Post Evacuate Collection Set: 0.8ms
[2024-12-16T16:44:24.583+0330][17.896s][info][gc,phases   ] GC(18)   Other: 0.3ms
[2024-12-16T16:44:24.583+0330][17.896s][info][gc,heap     ] GC(18) Eden regions: 14->0(13)
[2024-12-16T16:44:24.583+0330][17.896s][info][gc,heap     ] GC(18) Survivor regions: 2->2(2)
[2024-12-16T16:44:24.583+0330][17.896s][info][gc,heap     ] GC(18) Old regions: 11->11
[2024-12-16T16:44:24.583+0330][17.896s][info][gc,heap     ] GC(18) Archive regions: 0->0
[2024-12-16T16:44:24.583+0330][17.896s][info][gc,heap     ] GC(18) Humongous regions: 0->0
[2024-12-16T16:44:24.583+0330][17.896s][info][gc,metaspace] GC(18) Metaspace: 65317K(65920K)->65317K(65920K) NonClass: 56305K(56640K)->56305K(56640K) Class: 9011K(9280K)->9011K(9280K)
[2024-12-16T16:44:24.583+0330][17.896s][info][gc          ] GC(18) Pause Young (Concurrent Start) (G1 Evacuation Pause) 51M->25M(66M) 8.795ms
[2024-12-16T16:44:24.583+0330][17.896s][info][gc,cpu      ] GC(18) User=0.00s Sys=0.00s Real=0.01s
[2024-12-16T16:44:24.583+0330][17.896s][info][gc          ] GC(19) Concurrent Mark Cycle
[2024-12-16T16:44:24.583+0330][17.896s][info][gc,marking  ] GC(19) Concurrent Clear Claimed Marks
[2024-12-16T16:44:24.584+0330][17.897s][info][gc,marking  ] GC(19) Concurrent Clear Claimed Marks 0.086ms
[2024-12-16T16:44:24.584+0330][17.897s][info][gc,marking  ] GC(19) Concurrent Scan Root Regions
[2024-12-16T16:44:24.591+0330][17.904s][info][gc,marking  ] GC(19) Concurrent Scan Root Regions 7.285ms
[2024-12-16T16:44:24.591+0330][17.904s][info][gc,marking  ] GC(19) Concurrent Mark
[2024-12-16T16:44:24.591+0330][17.904s][info][gc,marking  ] GC(19) Concurrent Mark From Roots
[2024-12-16T16:44:24.591+0330][17.904s][info][gc,task     ] GC(19) Using 1 workers of 1 for marking
[2024-12-16T16:44:24.671+0330][17.984s][info][gc,marking  ] GC(19) Concurrent Mark From Roots 79.697ms
[2024-12-16T16:44:24.671+0330][17.984s][info][gc,marking  ] GC(19) Concurrent Preclean
[2024-12-16T16:44:24.672+0330][17.985s][info][gc,marking  ] GC(19) Concurrent Preclean 0.679ms
[2024-12-16T16:44:24.672+0330][17.985s][info][gc,start    ] GC(19) Pause Remark
[2024-12-16T16:44:24.678+0330][17.991s][info][gc          ] GC(19) Pause Remark 26M->26M(66M) 5.984ms
[2024-12-16T16:44:24.678+0330][17.991s][info][gc,cpu      ] GC(19) User=0.00s Sys=0.00s Real=0.01s
[2024-12-16T16:44:24.678+0330][17.991s][info][gc,marking  ] GC(19) Concurrent Mark 86.961ms
[2024-12-16T16:44:24.678+0330][17.991s][info][gc,marking  ] GC(19) Concurrent Rebuild Remembered Sets
[2024-12-16T16:44:24.712+0330][18.025s][info][gc,marking  ] GC(19) Concurrent Rebuild Remembered Sets 34.173ms
[2024-12-16T16:44:24.712+0330][18.025s][info][gc,start    ] GC(19) Pause Cleanup
[2024-12-16T16:44:24.713+0330][18.026s][info][gc          ] GC(19) Pause Cleanup 26M->26M(66M) 0.419ms
[2024-12-16T16:44:24.713+0330][18.026s][info][gc,cpu      ] GC(19) User=0.00s Sys=0.00s Real=0.00s
[2024-12-16T16:44:24.713+0330][18.026s][info][gc,marking  ] GC(19) Concurrent Cleanup for Next Mark
[2024-12-16T16:44:24.714+0330][18.027s][info][gc,marking  ] GC(19) Concurrent Cleanup for Next Mark 0.612ms
[2024-12-16T16:44:24.714+0330][18.027s][info][gc          ] GC(19) Concurrent Mark Cycle 130.456ms
[2024-12-16T16:44:25.602+0330][18.915s][info][gc,start    ] GC(20) Pause Young (Normal) (G1 Evacuation Pause)
[2024-12-16T16:44:25.602+0330][18.916s][info][gc,task     ] GC(20) Using 4 workers of 4 for evacuation
[2024-12-16T16:44:25.610+0330][18.923s][info][gc,phases   ] GC(20)   Pre Evacuate Collection Set: 0.1ms
[2024-12-16T16:44:25.610+0330][18.923s][info][gc,phases   ] GC(20)   Merge Heap Roots: 0.1ms
[2024-12-16T16:44:25.610+0330][18.923s][info][gc,phases   ] GC(20)   Evacuate Collection Set: 6.5ms
[2024-12-16T16:44:25.610+0330][18.923s][info][gc,phases   ] GC(20)   Post Evacuate Collection Set: 0.7ms
[2024-12-16T16:44:25.610+0330][18.923s][info][gc,phases   ] GC(20)   Other: 0.2ms
[2024-12-16T16:44:25.610+0330][18.923s][info][gc,heap     ] GC(20) Eden regions: 13->0(12)
[2024-12-16T16:44:25.610+0330][18.923s][info][gc,heap     ] GC(20) Survivor regions: 2->2(2)
[2024-12-16T16:44:25.610+0330][18.923s][info][gc,heap     ] GC(20) Old regions: 11->12
[2024-12-16T16:44:25.611+0330][18.924s][info][gc,heap     ] GC(20) Archive regions: 0->0
[2024-12-16T16:44:25.611+0330][18.924s][info][gc,heap     ] GC(20) Humongous regions: 0->0
[2024-12-16T16:44:25.611+0330][18.924s][info][gc,metaspace] GC(20) Metaspace: 67999K(68544K)->67999K(68544K) NonClass: 58488K(58752K)->58488K(58752K) Class: 9510K(9792K)->9510K(9792K)
[2024-12-16T16:44:25.611+0330][18.924s][info][gc          ] GC(20) Pause Young (Normal) (G1 Evacuation Pause) 51M->27M(66M) 8.381ms
[2024-12-16T16:44:25.611+0330][18.924s][info][gc,cpu      ] GC(20) User=0.00s Sys=0.00s Real=0.01s
[2024-12-16T16:44:25.997+0330][19.310s][info][gc,start    ] GC(21) Pause Young (Normal) (G1 Evacuation Pause)
[2024-12-16T16:44:25.997+0330][19.310s][info][gc,task     ] GC(21) Using 4 workers of 4 for evacuation
[2024-12-16T16:44:26.009+0330][19.322s][info][gc,phases   ] GC(21)   Pre Evacuate Collection Set: 0.1ms
[2024-12-16T16:44:26.009+0330][19.322s][info][gc,phases   ] GC(21)   Merge Heap Roots: 0.1ms
[2024-12-16T16:44:26.009+0330][19.322s][info][gc,phases   ] GC(21)   Evacuate Collection Set: 10.9ms
[2024-12-16T16:44:26.009+0330][19.322s][info][gc,phases   ] GC(21)   Post Evacuate Collection Set: 0.8ms
[2024-12-16T16:44:26.009+0330][19.323s][info][gc,phases   ] GC(21)   Other: 0.3ms
[2024-12-16T16:44:26.010+0330][19.323s][info][gc,heap     ] GC(21) Eden regions: 12->0(8)
[2024-12-16T16:44:26.010+0330][19.323s][info][gc,heap     ] GC(21) Survivor regions: 2->2(2)
[2024-12-16T16:44:26.010+0330][19.323s][info][gc,heap     ] GC(21) Old regions: 12->15
[2024-12-16T16:44:26.010+0330][19.323s][info][gc,heap     ] GC(21) Archive regions: 0->0
[2024-12-16T16:44:26.010+0330][19.323s][info][gc,heap     ] GC(21) Humongous regions: 0->0
[2024-12-16T16:44:26.010+0330][19.323s][info][gc,metaspace] GC(21) Metaspace: 69644K(70144K)->69644K(70144K) NonClass: 59770K(60032K)->59770K(60032K) Class: 9874K(10112K)->9874K(10112K)
[2024-12-16T16:44:26.010+0330][19.323s][info][gc          ] GC(21) Pause Young (Normal) (G1 Evacuation Pause) 51M->32M(66M) 12.882ms
[2024-12-16T16:44:26.010+0330][19.323s][info][gc,cpu      ] GC(21) User=0.02s Sys=0.00s Real=0.01s
[2024-12-16T16:44:26.088+0330][19.402s][info][gc,start    ] GC(22) Pause Young (Concurrent Start) (G1 Evacuation Pause)
[2024-12-16T16:44:26.089+0330][19.402s][info][gc,task     ] GC(22) Using 4 workers of 4 for evacuation
[2024-12-16T16:44:26.100+0330][19.413s][info][gc,phases   ] GC(22)   Pre Evacuate Collection Set: 0.1ms
[2024-12-16T16:44:26.100+0330][19.413s][info][gc,phases   ] GC(22)   Merge Heap Roots: 0.1ms
[2024-12-16T16:44:26.100+0330][19.413s][info][gc,phases   ] GC(22)   Evacuate Collection Set: 10.1ms
[2024-12-16T16:44:26.100+0330][19.413s][info][gc,phases   ] GC(22)   Post Evacuate Collection Set: 0.5ms
[2024-12-16T16:44:26.100+0330][19.413s][info][gc,phases   ] GC(22)   Other: 0.3ms
[2024-12-16T16:44:26.100+0330][19.413s][info][gc,heap     ] GC(22) Eden regions: 8->0(6)
[2024-12-16T16:44:26.100+0330][19.413s][info][gc,heap     ] GC(22) Survivor regions: 2->2(2)
[2024-12-16T16:44:26.100+0330][19.413s][info][gc,heap     ] GC(22) Old regions: 15->17
[2024-12-16T16:44:26.100+0330][19.413s][info][gc,heap     ] GC(22) Archive regions: 0->0
[2024-12-16T16:44:26.100+0330][19.413s][info][gc,heap     ] GC(22) Humongous regions: 0->0
[2024-12-16T16:44:26.100+0330][19.413s][info][gc,metaspace] GC(22) Metaspace: 69647K(70144K)->69647K(70144K) NonClass: 59773K(60032K)->59773K(60032K) Class: 9874K(10112K)->9874K(10112K)
[2024-12-16T16:44:26.100+0330][19.413s][info][gc          ] GC(22) Pause Young (Concurrent Start) (G1 Evacuation Pause) 48M->35M(66M) 11.815ms
[2024-12-16T16:44:26.100+0330][19.413s][info][gc,cpu      ] GC(22) User=0.02s Sys=0.00s Real=0.01s
[2024-12-16T16:44:26.100+0330][19.414s][info][gc          ] GC(23) Concurrent Mark Cycle
[2024-12-16T16:44:26.101+0330][19.414s][info][gc,marking  ] GC(23) Concurrent Clear Claimed Marks
[2024-12-16T16:44:26.101+0330][19.414s][info][gc,marking  ] GC(23) Concurrent Clear Claimed Marks 0.092ms
[2024-12-16T16:44:26.101+0330][19.414s][info][gc,marking  ] GC(23) Concurrent Scan Root Regions
[2024-12-16T16:44:26.110+0330][19.423s][info][gc,marking  ] GC(23) Concurrent Scan Root Regions 9.359ms
[2024-12-16T16:44:26.110+0330][19.423s][info][gc,marking  ] GC(23) Concurrent Mark
[2024-12-16T16:44:26.110+0330][19.423s][info][gc,marking  ] GC(23) Concurrent Mark From Roots
[2024-12-16T16:44:26.110+0330][19.423s][info][gc,task     ] GC(23) Using 1 workers of 1 for marking
[2024-12-16T16:44:26.185+0330][19.498s][info][gc,start    ] GC(24) Pause Young (Normal) (G1 Evacuation Pause)
[2024-12-16T16:44:26.185+0330][19.498s][info][gc,task     ] GC(24) Using 4 workers of 4 for evacuation
[2024-12-16T16:44:26.196+0330][19.509s][info][gc,phases   ] GC(24)   Pre Evacuate Collection Set: 0.1ms
[2024-12-16T16:44:26.196+0330][19.509s][info][gc,phases   ] GC(24)   Merge Heap Roots: 0.1ms
[2024-12-16T16:44:26.196+0330][19.509s][info][gc,phases   ] GC(24)   Evacuate Collection Set: 9.6ms
[2024-12-16T16:44:26.196+0330][19.509s][info][gc,phases   ] GC(24)   Post Evacuate Collection Set: 0.6ms
[2024-12-16T16:44:26.196+0330][19.509s][info][gc,phases   ] GC(24)   Other: 0.3ms
[2024-12-16T16:44:26.196+0330][19.509s][info][gc,heap     ] GC(24) Eden regions: 6->0(5)
[2024-12-16T16:44:26.196+0330][19.509s][info][gc,heap     ] GC(24) Survivor regions: 2->1(1)
[2024-12-16T16:44:26.196+0330][19.509s][info][gc,heap     ] GC(24) Old regions: 17->19
[2024-12-16T16:44:26.196+0330][19.509s][info][gc,heap     ] GC(24) Archive regions: 0->0
[2024-12-16T16:44:26.196+0330][19.510s][info][gc,heap     ] GC(24) Humongous regions: 0->0
[2024-12-16T16:44:26.197+0330][19.510s][info][gc,metaspace] GC(24) Metaspace: 69647K(70144K)->69647K(70144K) NonClass: 59773K(60032K)->59773K(60032K) Class: 9874K(10112K)->9874K(10112K)
[2024-12-16T16:44:26.197+0330][19.510s][info][gc          ] GC(24) Pause Young (Normal) (G1 Evacuation Pause) 47M->38M(66M) 11.293ms
[2024-12-16T16:44:26.197+0330][19.510s][info][gc,cpu      ] GC(24) User=0.02s Sys=0.02s Real=0.01s
[2024-12-16T16:44:26.223+0330][19.536s][info][gc,marking  ] GC(23) Concurrent Mark From Roots 112.333ms
[2024-12-16T16:44:26.223+0330][19.536s][info][gc,marking  ] GC(23) Concurrent Preclean
[2024-12-16T16:44:26.223+0330][19.536s][info][gc,marking  ] GC(23) Concurrent Preclean 0.601ms
[2024-12-16T16:44:26.223+0330][19.536s][info][gc,start    ] GC(23) Pause Remark
[2024-12-16T16:44:26.230+0330][19.543s][info][gc          ] GC(23) Pause Remark 42M->42M(74M) 6.529ms
[2024-12-16T16:44:26.230+0330][19.543s][info][gc,cpu      ] GC(23) User=0.02s Sys=0.00s Real=0.01s
[2024-12-16T16:44:26.230+0330][19.543s][info][gc,marking  ] GC(23) Concurrent Mark 120.007ms
[2024-12-16T16:44:26.230+0330][19.543s][info][gc,marking  ] GC(23) Concurrent Rebuild Remembered Sets
[2024-12-16T16:44:26.279+0330][19.592s][info][gc,start    ] GC(25) Pause Young (Normal) (G1 Evacuation Pause)
[2024-12-16T16:44:26.279+0330][19.592s][info][gc,task     ] GC(25) Using 4 workers of 4 for evacuation
[2024-12-16T16:44:26.290+0330][19.603s][info][gc,phases   ] GC(25)   Pre Evacuate Collection Set: 0.1ms
[2024-12-16T16:44:26.290+0330][19.603s][info][gc,phases   ] GC(25)   Merge Heap Roots: 0.1ms
[2024-12-16T16:44:26.290+0330][19.603s][info][gc,phases   ] GC(25)   Evacuate Collection Set: 9.2ms
[2024-12-16T16:44:26.290+0330][19.603s][info][gc,phases   ] GC(25)   Post Evacuate Collection Set: 1.4ms
[2024-12-16T16:44:26.290+0330][19.603s][info][gc,phases   ] GC(25)   Other: 0.2ms
[2024-12-16T16:44:26.290+0330][19.603s][info][gc,heap     ] GC(25) Eden regions: 5->0(29)
[2024-12-16T16:44:26.290+0330][19.603s][info][gc,heap     ] GC(25) Survivor regions: 1->1(1)
[2024-12-16T16:44:26.290+0330][19.603s][info][gc,heap     ] GC(25) Old regions: 19->20
[2024-12-16T16:44:26.290+0330][19.603s][info][gc,heap     ] GC(25) Archive regions: 0->0
[2024-12-16T16:44:26.290+0330][19.603s][info][gc,heap     ] GC(25) Humongous regions: 0->0
[2024-12-16T16:44:26.290+0330][19.603s][info][gc,metaspace] GC(25) Metaspace: 69649K(70208K)->69649K(70208K) NonClass: 59774K(60096K)->59774K(60096K) Class: 9874K(10112K)->9874K(10112K)
[2024-12-16T16:44:26.290+0330][19.603s][info][gc          ] GC(25) Pause Young (Normal) (G1 Evacuation Pause) 48M->41M(148M) 11.704ms
[2024-12-16T16:44:26.291+0330][19.604s][info][gc,cpu      ] GC(25) User=0.02s Sys=0.00s Real=0.01s
[2024-12-16T16:44:26.293+0330][19.606s][info][gc,marking  ] GC(23) Concurrent Rebuild Remembered Sets 63.097ms
[2024-12-16T16:44:26.294+0330][19.607s][info][gc,start    ] GC(23) Pause Cleanup
[2024-12-16T16:44:26.294+0330][19.607s][info][gc          ] GC(23) Pause Cleanup 42M->42M(148M) 0.156ms
[2024-12-16T16:44:26.294+0330][19.607s][info][gc,cpu      ] GC(23) User=0.00s Sys=0.00s Real=0.00s
[2024-12-16T16:44:26.294+0330][19.607s][info][gc,marking  ] GC(23) Concurrent Cleanup for Next Mark
[2024-12-16T16:44:26.297+0330][19.610s][info][gc,marking  ] GC(23) Concurrent Cleanup for Next Mark 2.732ms
[2024-12-16T16:44:26.297+0330][19.610s][info][gc          ] GC(23) Concurrent Mark Cycle 196.464ms
[2024-12-16T16:44:27.771+0330][21.084s][info][gc,start    ] GC(26) Pause Young (Normal) (G1 Evacuation Pause)
[2024-12-16T16:44:27.771+0330][21.084s][info][gc,task     ] GC(26) Using 4 workers of 4 for evacuation
[2024-12-16T16:44:27.788+0330][21.101s][info][gc,phases   ] GC(26)   Pre Evacuate Collection Set: 0.1ms
[2024-12-16T16:44:27.788+0330][21.101s][info][gc,phases   ] GC(26)   Merge Heap Roots: 0.1ms
[2024-12-16T16:44:27.788+0330][21.101s][info][gc,phases   ] GC(26)   Evacuate Collection Set: 15.5ms
[2024-12-16T16:44:27.788+0330][21.101s][info][gc,phases   ] GC(26)   Post Evacuate Collection Set: 0.6ms
[2024-12-16T16:44:27.788+0330][21.101s][info][gc,phases   ] GC(26)   Other: 0.3ms
[2024-12-16T16:44:27.788+0330][21.101s][info][gc,heap     ] GC(26) Eden regions: 29->0(26)
[2024-12-16T16:44:27.788+0330][21.101s][info][gc,heap     ] GC(26) Survivor regions: 1->4(4)
[2024-12-16T16:44:27.788+0330][21.101s][info][gc,heap     ] GC(26) Old regions: 20->20
[2024-12-16T16:44:27.788+0330][21.101s][info][gc,heap     ] GC(26) Archive regions: 0->0
[2024-12-16T16:44:27.788+0330][21.101s][info][gc,heap     ] GC(26) Humongous regions: 0->0
[2024-12-16T16:44:27.788+0330][21.101s][info][gc,metaspace] GC(26) Metaspace: 72240K(72832K)->72240K(72832K) NonClass: 62008K(62336K)->62008K(62336K) Class: 10232K(10496K)->10232K(10496K)
[2024-12-16T16:44:27.789+0330][21.102s][info][gc          ] GC(26) Pause Young (Normal) (G1 Evacuation Pause) 99M->47M(148M) 17.217ms
[2024-12-16T16:44:27.789+0330][21.102s][info][gc,cpu      ] GC(26) User=0.06s Sys=0.00s Real=0.02s
[2024-12-16T16:45:37.384+0330][90.698s][info][gc,start    ] GC(27) Pause Young (Normal) (G1 Evacuation Pause)
[2024-12-16T16:45:37.384+0330][90.698s][info][gc,task     ] GC(27) Using 4 workers of 4 for evacuation
[2024-12-16T16:45:37.404+0330][90.717s][info][gc,phases   ] GC(27)   Pre Evacuate Collection Set: 0.1ms
[2024-12-16T16:45:37.404+0330][90.717s][info][gc,phases   ] GC(27)   Merge Heap Roots: 0.1ms
[2024-12-16T16:45:37.404+0330][90.718s][info][gc,phases   ] GC(27)   Evacuate Collection Set: 18.3ms
[2024-12-16T16:45:37.404+0330][90.718s][info][gc,phases   ] GC(27)   Post Evacuate Collection Set: 0.9ms
[2024-12-16T16:45:37.404+0330][90.718s][info][gc,phases   ] GC(27)   Other: 0.2ms
[2024-12-16T16:45:37.404+0330][90.718s][info][gc,heap     ] GC(27) Eden regions: 26->0(26)
[2024-12-16T16:45:37.404+0330][90.718s][info][gc,heap     ] GC(27) Survivor regions: 4->3(4)
[2024-12-16T16:45:37.404+0330][90.718s][info][gc,heap     ] GC(27) Old regions: 20->24
[2024-12-16T16:45:37.404+0330][90.718s][info][gc,heap     ] GC(27) Archive regions: 0->0
[2024-12-16T16:45:37.404+0330][90.718s][info][gc,heap     ] GC(27) Humongous regions: 0->0
[2024-12-16T16:45:37.405+0330][90.718s][info][gc,metaspace] GC(27) Metaspace: 82154K(82816K)->82154K(82816K) NonClass: 70753K(71104K)->70753K(71104K) Class: 11401K(11712K)->11401K(11712K)
[2024-12-16T16:45:37.405+0330][90.718s][info][gc          ] GC(27) Pause Young (Normal) (G1 Evacuation Pause) 99M->51M(148M) 20.472ms
[2024-12-16T16:45:37.405+0330][90.718s][info][gc,cpu      ] GC(27) User=0.06s Sys=0.00s Real=0.02s
[2024-12-16T17:03:29.776+0330][1163.090s][info][gc,start    ] GC(28) Pause Young (Normal) (G1 Evacuation Pause)
[2024-12-16T17:03:29.776+0330][1163.090s][info][gc,task     ] GC(28) Using 4 workers of 4 for evacuation
[2024-12-16T17:03:29.786+0330][1163.100s][info][gc,phases   ] GC(28)   Pre Evacuate Collection Set: 0.1ms
[2024-12-16T17:03:29.786+0330][1163.100s][info][gc,phases   ] GC(28)   Merge Heap Roots: 0.1ms
[2024-12-16T17:03:29.786+0330][1163.100s][info][gc,phases   ] GC(28)   Evacuate Collection Set: 8.8ms
[2024-12-16T17:03:29.786+0330][1163.100s][info][gc,phases   ] GC(28)   Post Evacuate Collection Set: 0.9ms
[2024-12-16T17:03:29.786+0330][1163.100s][info][gc,phases   ] GC(28)   Other: 0.3ms
[2024-12-16T17:03:29.787+0330][1163.100s][info][gc,heap     ] GC(28) Eden regions: 26->0(28)
[2024-12-16T17:03:29.787+0330][1163.100s][info][gc,heap     ] GC(28) Survivor regions: 3->1(4)
[2024-12-16T17:03:29.787+0330][1163.100s][info][gc,heap     ] GC(28) Old regions: 24->26
[2024-12-16T17:03:29.787+0330][1163.100s][info][gc,heap     ] GC(28) Archive regions: 0->0
[2024-12-16T17:03:29.787+0330][1163.100s][info][gc,heap     ] GC(28) Humongous regions: 0->0
[2024-12-16T17:03:29.787+0330][1163.100s][info][gc,metaspace] GC(28) Metaspace: 83956K(84608K)->83956K(84608K) NonClass: 72305K(72640K)->72305K(72640K) Class: 11650K(11968K)->11650K(11968K)
[2024-12-16T17:03:29.787+0330][1163.101s][info][gc          ] GC(28) Pause Young (Normal) (G1 Evacuation Pause) 103M->52M(148M) 10.880ms
[2024-12-16T17:03:29.787+0330][1163.101s][info][gc,cpu      ] GC(28) User=0.02s Sys=0.00s Real=0.01s
[2024-12-16T17:20:53.142+0330][2206.458s][info][gc,start    ] GC(29) Pause Young (Normal) (G1 Evacuation Pause)
[2024-12-16T17:20:53.142+0330][2206.458s][info][gc,task     ] GC(29) Using 4 workers of 4 for evacuation
[2024-12-16T17:20:53.142+0330][2206.468s][info][gc,phases   ] GC(29)   Pre Evacuate Collection Set: 0.2ms
[2024-12-16T17:20:53.142+0330][2206.468s][info][gc,phases   ] GC(29)   Merge Heap Roots: 0.1ms
[2024-12-16T17:20:53.142+0330][2206.468s][info][gc,phases   ] GC(29)   Evacuate Collection Set: 6.0ms
[2024-12-16T17:20:53.142+0330][2206.468s][info][gc,phases   ] GC(29)   Post Evacuate Collection Set: 3.7ms
[2024-12-16T17:20:53.142+0330][2206.469s][info][gc,phases   ] GC(29)   Other: 0.2ms
[2024-12-16T17:20:53.142+0330][2206.469s][info][gc,heap     ] GC(29) Eden regions: 28->0(30)
[2024-12-16T17:20:53.142+0330][2206.469s][info][gc,heap     ] GC(29) Survivor regions: 1->1(4)
[2024-12-16T17:20:53.142+0330][2206.469s][info][gc,heap     ] GC(29) Old regions: 26->26
[2024-12-16T17:20:53.142+0330][2206.469s][info][gc,heap     ] GC(29) Archive regions: 0->0
[2024-12-16T17:20:53.142+0330][2206.469s][info][gc,heap     ] GC(29) Humongous regions: 0->0
[2024-12-16T17:20:53.142+0330][2206.469s][info][gc,metaspace] GC(29) Metaspace: 84228K(84928K)->84228K(84928K) NonClass: 72523K(72896K)->72523K(72896K) Class: 11704K(12032K)->11704K(12032K)
[2024-12-16T17:20:53.142+0330][2206.469s][info][gc          ] GC(29) Pause Young (Normal) (G1 Evacuation Pause) 108M->52M(148M) 10.899ms
[2024-12-16T17:20:53.142+0330][2206.469s][info][gc,cpu      ] GC(29) User=0.00s Sys=0.00s Real=0.00s
[2024-12-16T17:43:39.301+0330][3572.575s][info][gc,start    ] GC(30) Pause Young (Normal) (G1 Evacuation Pause)
[2024-12-16T17:43:39.301+0330][3572.575s][info][gc,task     ] GC(30) Using 4 workers of 4 for evacuation
[2024-12-16T17:43:39.323+0330][3572.588s][info][gc,phases   ] GC(30)   Pre Evacuate Collection Set: 0.3ms
[2024-12-16T17:43:39.323+0330][3572.588s][info][gc,phases   ] GC(30)   Merge Heap Roots: 0.1ms
[2024-12-16T17:43:39.323+0330][3572.588s][info][gc,phases   ] GC(30)   Evacuate Collection Set: 7.7ms
[2024-12-16T17:43:39.323+0330][3572.588s][info][gc,phases   ] GC(30)   Post Evacuate Collection Set: 4.2ms
[2024-12-16T17:43:39.323+0330][3572.588s][info][gc,phases   ] GC(30)   Other: 0.4ms
[2024-12-16T17:43:39.323+0330][3572.588s][info][gc,heap     ] GC(30) Eden regions: 30->0(32)
[2024-12-16T17:43:39.323+0330][3572.588s][info][gc,heap     ] GC(30) Survivor regions: 1->1(4)
[2024-12-16T17:43:39.323+0330][3572.588s][info][gc,heap     ] GC(30) Old regions: 26->26
[2024-12-16T17:43:39.323+0330][3572.588s][info][gc,heap     ] GC(30) Archive regions: 0->0
[2024-12-16T17:43:39.323+0330][3572.588s][info][gc,heap     ] GC(30) Humongous regions: 0->0
[2024-12-16T17:43:39.323+0330][3572.589s][info][gc,metaspace] GC(30) Metaspace: 84228K(84928K)->84228K(84928K) NonClass: 72523K(72896K)->72523K(72896K) Class: 11704K(12032K)->11704K(12032K)
[2024-12-16T17:43:39.324+0330][3572.589s][info][gc          ] GC(30) Pause Young (Normal) (G1 Evacuation Pause) 112M->52M(148M) 13.597ms
[2024-12-16T17:43:39.324+0330][3572.589s][info][gc,cpu      ] GC(30) User=0.02s Sys=0.00s Real=0.02s
